SF:/Users/tomas.zijdemans/Code/deno_std/std_cb/assert/almost_equals.ts
FN:33,assertAlmostEquals
FNDA:0,assertAlmostEquals
FNF:1
FNH:0
BRF:0
BRH:0
DA:3,1
DA:33,0
DA:34,0
DA:35,0
DA:36,0
DA:37,0
DA:39,0
DA:40,0
DA:41,0
DA:42,0
DA:43,0
DA:44,0
DA:45,0
DA:46,0
DA:47,0
DA:48,0
DA:50,0
DA:51,0
DA:52,0
DA:53,0
DA:54,0
DA:56,0
LH:1
LF:22
end_of_record
SF:/Users/tomas.zijdemans/Code/deno_std/std_cb/assert/array_includes.ts
FN:10,isPrimitive
FN:40,assertArrayIncludes
FNDA:0,isPrimitive
FNDA:0,assertArrayIncludes
FNF:2
FNH:0
BRF:0
BRH:0
DA:3,1
DA:4,1
DA:5,1
DA:10,0
DA:11,0
DA:12,0
DA:13,0
DA:40,0
DA:41,0
DA:42,0
DA:43,0
DA:45,0
DA:46,0
DA:47,0
DA:48,0
DA:49,0
DA:50,0
DA:51,0
DA:53,0
DA:54,0
DA:55,0
DA:56,0
DA:57,0
DA:58,0
DA:59,0
DA:60,0
DA:61,0
DA:62,0
DA:63,0
DA:64,0
DA:65,0
DA:66,0
DA:67,0
DA:68,0
DA:69,0
DA:71,0
DA:72,0
DA:73,0
DA:74,0
DA:75,0
DA:76,0
LH:3
LF:41
end_of_record
SF:/Users/tomas.zijdemans/Code/deno_std/std_cb/assert/assert.ts
FN:20,assert
FNDA:0,assert
FNF:1
FNH:0
BRF:0
BRH:0
DA:3,1
DA:20,0
DA:21,0
DA:22,0
DA:23,0
DA:24,0
LH:1
LF:6
end_of_record
SF:/Users/tomas.zijdemans/Code/deno_std/std_cb/assert/assertion_error.ts
FN:27,AssertionError
FNDA:0,AssertionError
FNF:1
FNH:0
BRF:0
BRH:0
DA:21,1
DA:27,0
DA:28,0
DA:29,0
DA:30,0
DA:31,1
LH:2
LF:6
end_of_record
SF:/Users/tomas.zijdemans/Code/deno_std/std_cb/assert/equal.ts
FN:5,isKeyedCollection
FN:9,prototypesEqual
FN:17,isBasicObjectOrArray
FN:24,ownKeys
FN:31,getKeysDeep
FN:65,isPrimitive
FN:76,compareTypedArrays
FN:85,sameValueZero
FN:112,equal
FN:114,compare
FNDA:11,isKeyedCollection
FNDA:11,prototypesEqual
FNDA:11,isBasicObjectOrArray
FNDA:11,ownKeys
FNDA:0,getKeysDeep
FNDA:22,isPrimitive
FNDA:0,compareTypedArrays
FNDA:48,sameValueZero
FNDA:11,equal
FNDA:48,compare
FNF:10
FNH:8
BRDA:12,2,0,0
BRDA:13,2,1,0
BRDA:86,10,0,11
BRDA:115,12,0,37
BRDA:115,12,1,11
BRDA:116,12,2,0
BRDA:116,12,3,11
BRDA:118,12,4,0
BRDA:118,12,5,0
BRDA:120,12,6,11
BRDA:121,12,7,11
BRDA:121,12,8,11
BRDA:121,12,9,11
BRDA:122,12,10,0
BRDA:125,12,11,0
BRDA:131,12,12,0
BRDA:137,12,13,0
BRDA:140,12,14,0
BRDA:143,12,15,0
BRDA:146,12,16,0
BRDA:149,12,17,0
BRDA:153,12,18,0
BRDA:153,12,19,0
BRDA:203,12,20,0
BRDA:211,12,21,37
BRDA:213,12,22,0
BRDA:216,12,23,0
BRDA:221,12,24,0
BRF:28
BRH:9
DA:5,12
DA:6,12
DA:7,12
DA:9,12
DA:10,12
DA:11,12
DA:12,0
DA:13,0
DA:14,0
DA:15,12
DA:17,12
DA:18,12
DA:19,12
DA:20,12
DA:21,12
DA:24,12
DA:25,12
DA:26,12
DA:27,12
DA:28,12
DA:29,12
DA:31,0
DA:32,0
DA:34,0
DA:35,0
DA:36,0
DA:37,0
DA:38,0
DA:39,0
DA:41,0
DA:42,0
DA:45,1
DA:48,1
DA:49,1
DA:50,1
DA:51,1
DA:52,1
DA:53,1
DA:54,1
DA:55,1
DA:56,1
DA:57,1
DA:58,1
DA:59,1
DA:60,1
DA:61,1
DA:62,1
DA:65,23
DA:66,23
DA:67,23
DA:68,23
DA:69,23
DA:70,23
DA:71,23
DA:72,23
DA:75,1
DA:76,0
DA:77,0
DA:78,0
DA:79,0
DA:80,0
DA:81,0
DA:82,0
DA:85,1
DA:86,49
DA:87,49
DA:112,1
DA:113,12
DA:114,12
DA:115,60
DA:116,0
DA:118,0
DA:119,0
DA:120,0
DA:121,60
DA:122,0
DA:123,0
DA:124,0
DA:125,0
DA:126,0
DA:127,0
DA:128,0
DA:129,0
DA:130,0
DA:131,0
DA:132,0
DA:133,0
DA:134,0
DA:136,0
DA:137,0
DA:138,0
DA:139,0
DA:140,0
DA:141,0
DA:142,0
DA:143,0
DA:144,0
DA:145,0
DA:146,0
DA:147,0
DA:148,0
DA:149,0
DA:150,0
DA:151,0
DA:152,71
DA:153,0
DA:154,0
DA:155,0
DA:156,0
DA:158,0
DA:159,0
DA:160,0
DA:161,0
DA:162,0
DA:163,0
DA:165,0
DA:166,0
DA:167,0
DA:168,0
DA:169,0
DA:170,0
DA:171,0
DA:172,0
DA:173,0
DA:174,0
DA:176,0
DA:178,0
DA:179,0
DA:183,0
DA:185,0
DA:186,0
DA:187,0
DA:188,0
DA:189,0
DA:190,0
DA:191,0
DA:192,0
DA:193,0
DA:195,0
DA:196,0
DA:198,71
DA:200,71
DA:202,284
DA:203,0
DA:205,0
DA:206,0
DA:208,0
DA:209,0
DA:211,71
DA:213,0
DA:214,0
DA:215,0
DA:216,0
DA:217,0
DA:218,0
DA:219,108
DA:220,71
DA:221,71
DA:222,0
DA:223,0
DA:224,12
LH:60
LF:161
end_of_record
SF:/Users/tomas.zijdemans/Code/deno_std/std_cb/assert/equals.ts
FN:46,assertEquals
FNDA:11,assertEquals
FNF:1
FNH:1
BRDA:53,1,0,0
BRDA:54,1,1,0
BRDA:59,1,2,0
BRDA:61,1,3,0
BRDA:62,1,4,0
BRF:5
BRH:0
DA:3,1
DA:4,1
DA:5,1
DA:6,1
DA:7,1
DA:9,1
DA:46,1
DA:47,1
DA:48,1
DA:49,1
DA:51,12
DA:52,12
DA:53,12
DA:54,0
DA:55,12
DA:57,12
DA:58,12
DA:59,0
DA:60,0
DA:61,0
DA:62,0
DA:63,0
DA:64,36
DA:65,12
DA:66,12
DA:67,12
DA:68,12
LH:21
LF:27
end_of_record
SF:/Users/tomas.zijdemans/Code/deno_std/std_cb/assert/exists.ts
FN:21,assertExists
FNDA:0,assertExists
FNF:1
FNH:0
BRF:0
BRH:0
DA:3,1
DA:21,0
DA:22,0
DA:23,0
DA:25,0
DA:26,0
DA:27,0
DA:28,0
DA:29,0
DA:30,0
DA:31,0
LH:1
LF:11
end_of_record
SF:/Users/tomas.zijdemans/Code/deno_std/std_cb/assert/fail.ts
FN:18,fail
FNDA:0,fail
FNF:1
FNH:0
BRF:0
BRH:0
DA:3,1
DA:18,0
DA:19,0
DA:20,0
DA:21,0
LH:1
LF:5
end_of_record
SF:/Users/tomas.zijdemans/Code/deno_std/std_cb/assert/false.ts
FN:23,assertFalse
FNDA:0,assertFalse
FNF:1
FNH:0
BRF:0
BRH:0
DA:3,1
DA:23,0
DA:24,0
DA:25,0
DA:26,0
DA:27,0
LH:1
LF:6
end_of_record
SF:/Users/tomas.zijdemans/Code/deno_std/std_cb/assert/greater.ts
FN:24,assertGreater
FNDA:0,assertGreater
FNF:1
FNH:0
BRF:0
BRH:0
DA:3,1
DA:4,1
DA:24,0
DA:25,0
DA:27,0
DA:28,0
DA:29,0
DA:30,0
LH:2
LF:8
end_of_record
SF:/Users/tomas.zijdemans/Code/deno_std/std_cb/assert/greater_or_equal.ts
FN:24,assertGreaterOrEqual
FNDA:0,assertGreaterOrEqual
FNF:1
FNH:0
BRF:0
BRH:0
DA:3,1
DA:4,1
DA:24,0
DA:25,0
DA:26,0
DA:27,0
DA:29,0
DA:31,0
DA:32,0
DA:33,0
DA:34,0
DA:36,0
LH:2
LF:12
end_of_record
SF:/Users/tomas.zijdemans/Code/deno_std/std_cb/assert/instance_of.ts
FN:28,assertInstanceOf
FNDA:0,assertInstanceOf
FNF:1
FNH:0
BRF:0
BRH:0
DA:3,1
DA:28,0
DA:32,0
DA:33,0
DA:34,0
DA:36,0
DA:38,0
DA:39,0
DA:41,0
DA:42,0
DA:43,0
DA:44,0
DA:45,0
DA:46,0
DA:47,0
DA:48,0
DA:49,0
DA:50,0
DA:52,0
DA:53,0
DA:54,0
DA:55,0
DA:56,0
DA:57,0
DA:58,0
DA:59,0
DA:60,0
DA:61,0
DA:63,0
DA:64,0
LH:1
LF:30
end_of_record
SF:/Users/tomas.zijdemans/Code/deno_std/std_cb/assert/is_error.ts
FN:29,assertIsError
FNDA:0,assertIsError
FNF:1
FNH:0
BRF:0
BRH:0
DA:3,1
DA:4,1
DA:29,0
DA:30,0
DA:32,0
DA:33,0
DA:34,0
DA:36,0
DA:37,0
DA:38,0
DA:39,0
DA:41,0
DA:42,0
DA:43,0
DA:44,0
DA:45,0
DA:46,0
DA:47,0
DA:48,0
DA:49,0
DA:50,0
DA:52,0
DA:53,0
DA:54,0
DA:55,0
DA:57,0
DA:58,0
DA:59,0
DA:60,0
DA:61,0
DA:62,0
DA:63,0
DA:64,0
DA:65,0
LH:2
LF:34
end_of_record
SF:/Users/tomas.zijdemans/Code/deno_std/std_cb/assert/less.ts
FN:23,assertLess
FNDA:0,assertLess
FNF:1
FNH:0
BRF:0
BRH:0
DA:3,1
DA:4,1
DA:23,0
DA:24,0
DA:26,0
DA:27,0
DA:28,0
DA:29,0
LH:2
LF:8
end_of_record
SF:/Users/tomas.zijdemans/Code/deno_std/std_cb/assert/less_or_equal.ts
FN:24,assertLessOrEqual
FNDA:0,assertLessOrEqual
FNF:1
FNH:0
BRF:0
BRH:0
DA:3,1
DA:4,1
DA:24,0
DA:25,0
DA:26,0
DA:27,0
DA:29,0
DA:31,0
DA:32,0
DA:33,0
DA:34,0
DA:36,0
LH:2
LF:12
end_of_record
SF:/Users/tomas.zijdemans/Code/deno_std/std_cb/assert/match.ts
FN:21,assertMatch
FNDA:0,assertMatch
FNF:1
FNH:0
BRF:0
BRH:0
DA:3,1
DA:21,0
DA:22,0
DA:23,0
DA:24,0
DA:26,0
DA:27,0
DA:28,0
DA:29,0
DA:30,0
LH:1
LF:10
end_of_record
SF:/Users/tomas.zijdemans/Code/deno_std/std_cb/assert/mod.ts
FNF:0
FNH:0
BRF:0
BRH:0
DA:21,1
DA:22,1
DA:23,1
DA:24,1
DA:25,1
DA:26,1
DA:27,1
DA:28,1
DA:29,1
DA:30,1
DA:31,1
DA:32,1
DA:33,1
DA:34,1
DA:35,1
DA:36,1
DA:37,1
DA:38,1
DA:39,1
DA:40,1
DA:41,1
DA:42,1
DA:43,1
DA:44,1
DA:45,1
DA:46,1
DA:47,1
LH:27
LF:27
end_of_record
SF:/Users/tomas.zijdemans/Code/deno_std/std_cb/assert/not_equals.ts
FN:33,assertNotEquals
FNDA:0,assertNotEquals
FNF:1
FNH:0
BRF:0
BRH:0
DA:4,1
DA:5,1
DA:6,1
DA:33,0
DA:34,0
DA:35,0
DA:36,0
DA:37,0
DA:38,0
DA:39,0
DA:40,0
DA:41,0
DA:43,0
LH:3
LF:13
end_of_record
SF:/Users/tomas.zijdemans/Code/deno_std/std_cb/assert/not_instance_of.ts
FN:23,assertNotInstanceOf
FNDA:0,assertNotInstanceOf
FNF:1
FNH:0
BRF:0
BRH:0
DA:3,1
DA:23,0
DA:24,0
DA:26,0
DA:27,0
DA:29,0
DA:30,0
DA:31,0
DA:32,0
DA:33,0
LH:1
LF:10
end_of_record
SF:/Users/tomas.zijdemans/Code/deno_std/std_cb/assert/not_match.ts
FN:21,assertNotMatch
FNDA:0,assertNotMatch
FNF:1
FNH:0
BRF:0
BRH:0
DA:3,1
DA:21,0
DA:22,0
DA:23,0
DA:24,0
DA:26,0
DA:27,0
DA:28,0
DA:29,0
DA:30,0
LH:1
LF:10
end_of_record
SF:/Users/tomas.zijdemans/Code/deno_std/std_cb/assert/not_strict_equals.ts
FN:27,assertNotStrictEquals
FNDA:0,assertNotStrictEquals
FNF:1
FNH:0
BRF:0
BRH:0
DA:3,1
DA:4,1
DA:27,0
DA:28,0
DA:29,0
DA:30,0
DA:32,0
DA:33,0
DA:34,0
DA:36,0
DA:37,0
DA:38,0
DA:39,0
DA:40,0
DA:42,0
LH:2
LF:15
end_of_record
SF:/Users/tomas.zijdemans/Code/deno_std/std_cb/assert/object_match.ts
FN:32,assertObjectMatch
FN:51,isObject
FN:55,defineProperty
FN:64,filter
FNDA:0,assertObjectMatch
FNDA:0,isObject
FNDA:0,defineProperty
FNDA:0,filter
FNF:4
FNH:0
BRF:0
BRH:0
DA:3,1
DA:32,0
DA:34,0
DA:35,0
DA:36,0
DA:38,0
DA:41,0
DA:44,0
DA:45,0
DA:47,0
DA:51,0
DA:52,0
DA:53,0
DA:55,0
DA:56,0
DA:57,0
DA:58,0
DA:59,0
DA:60,0
DA:61,0
DA:62,0
DA:64,0
DA:65,0
DA:66,0
DA:68,0
DA:70,0
DA:71,0
DA:73,0
DA:74,0
DA:75,0
DA:76,0
DA:77,0
DA:78,0
DA:80,0
DA:81,0
DA:84,0
DA:85,0
DA:86,0
DA:87,0
DA:88,0
DA:90,0
DA:93,0
DA:94,0
DA:95,0
DA:97,0
DA:99,0
DA:100,0
DA:101,0
DA:102,0
DA:104,0
DA:105,0
DA:106,0
DA:107,0
DA:109,0
DA:112,0
DA:113,0
DA:114,0
DA:115,0
DA:118,0
DA:120,0
DA:121,0
DA:122,0
DA:123,0
DA:124,0
DA:125,0
DA:126,0
DA:127,0
DA:128,0
DA:129,0
DA:130,0
DA:131,0
DA:132,0
DA:136,0
DA:137,0
DA:140,0
DA:141,0
DA:142,0
DA:143,0
DA:145,0
DA:146,0
DA:147,0
DA:148,0
DA:150,0
DA:151,0
DA:153,0
DA:154,0
DA:156,0
DA:157,0
DA:159,0
DA:161,0
DA:162,0
DA:164,0
DA:166,0
DA:167,0
DA:169,0
DA:170,0
DA:171,0
DA:174,0
DA:175,0
DA:176,0
DA:177,0
DA:179,0
DA:180,0
DA:181,0
DA:182,0
DA:185,0
DA:186,0
DA:187,0
DA:188,0
DA:191,0
DA:193,0
DA:194,0
DA:195,0
DA:196,0
DA:197,0
DA:198,0
DA:199,0
DA:200,0
DA:202,0
DA:203,0
DA:205,0
DA:206,0
DA:207,0
DA:210,0
DA:211,0
DA:212,0
DA:213,0
DA:215,0
DA:216,0
DA:217,0
DA:219,0
DA:220,0
DA:222,0
DA:223,0
DA:224,0
LH:1
LF:135
end_of_record
SF:/Users/tomas.zijdemans/Code/deno_std/std_cb/assert/rejects.ts
FN:56,assertRejects
FNDA:0,assertRejects
FNF:1
FNH:0
BRF:0
BRH:0
DA:3,1
DA:4,1
DA:56,0
DA:57,0
DA:58,0
DA:61,0
DA:62,0
DA:63,0
DA:66,0
DA:67,0
DA:68,0
DA:70,0
DA:71,0
DA:72,0
DA:73,0
DA:74,0
DA:75,0
DA:76,0
DA:77,0
DA:78,0
DA:79,0
DA:80,0
DA:81,0
DA:82,0
DA:83,0
DA:84,0
DA:85,0
DA:86,0
DA:87,0
DA:88,0
DA:89,0
DA:90,0
DA:91,0
DA:92,0
DA:93,0
DA:94,0
DA:95,0
DA:96,0
DA:97,0
DA:98,0
DA:99,0
DA:100,0
DA:102,0
DA:103,0
DA:104,0
DA:105,0
DA:106,0
DA:107,0
DA:108,0
DA:109,0
DA:110,0
DA:111,0
DA:113,0
DA:114,0
DA:115,0
DA:116,0
DA:117,0
DA:118,0
DA:119,0
DA:121,0
DA:122,0
DA:123,0
LH:2
LF:62
end_of_record
SF:/Users/tomas.zijdemans/Code/deno_std/std_cb/assert/strict_equals.ts
FN:32,assertStrictEquals
FNDA:0,assertStrictEquals
FNF:1
FNH:0
BRF:0
BRH:0
DA:3,1
DA:4,1
DA:5,1
DA:6,1
DA:7,1
DA:8,1
DA:32,0
DA:33,0
DA:34,0
DA:35,0
DA:37,0
DA:38,0
DA:39,0
DA:41,0
DA:42,0
DA:44,0
DA:45,0
DA:47,0
DA:48,0
DA:49,0
DA:50,0
DA:51,0
DA:52,0
DA:53,0
DA:54,0
DA:55,0
DA:56,0
DA:57,0
DA:58,0
DA:59,0
DA:60,0
DA:61,0
DA:62,0
DA:63,0
DA:64,0
DA:65,0
DA:67,0
DA:68,0
LH:6
LF:38
end_of_record
SF:/Users/tomas.zijdemans/Code/deno_std/std_cb/assert/string_includes.ts
FN:21,assertStringIncludes
FNDA:0,assertStringIncludes
FNF:1
FNH:0
BRF:0
BRH:0
DA:3,1
DA:21,0
DA:22,0
DA:23,0
DA:24,0
DA:26,0
DA:27,0
DA:28,0
DA:29,0
DA:30,0
LH:1
LF:10
end_of_record
SF:/Users/tomas.zijdemans/Code/deno_std/std_cb/assert/throws.ts
FN:59,assertThrows
FNDA:0,assertThrows
FNF:1
FNH:0
BRF:0
BRH:0
DA:3,1
DA:4,1
DA:59,0
DA:60,0
DA:61,0
DA:64,0
DA:65,0
DA:66,0
DA:69,0
DA:70,0
DA:71,0
DA:73,0
DA:74,0
DA:75,0
DA:76,0
DA:77,0
DA:78,0
DA:79,0
DA:80,0
DA:81,0
DA:82,0
DA:83,0
DA:84,0
DA:85,0
DA:86,0
DA:87,0
DA:88,0
DA:89,0
DA:90,0
DA:91,0
DA:92,0
DA:93,0
DA:94,0
DA:95,0
DA:96,0
DA:97,0
DA:98,0
DA:99,0
DA:100,0
DA:102,0
DA:103,0
DA:104,0
DA:105,0
DA:106,0
DA:107,0
DA:108,0
DA:109,0
DA:110,0
DA:111,0
LH:2
LF:49
end_of_record
SF:/Users/tomas.zijdemans/Code/deno_std/std_cb/assert/unimplemented.ts
FN:18,unimplemented
FNDA:0,unimplemented
FNF:1
FNH:0
BRF:0
BRH:0
DA:3,1
DA:18,0
DA:19,0
DA:20,0
DA:21,0
LH:1
LF:5
end_of_record
SF:/Users/tomas.zijdemans/Code/deno_std/std_cb/assert/unreachable.ts
FN:18,unreachable
FNDA:0,unreachable
FNF:1
FNH:0
BRF:0
BRH:0
DA:3,1
DA:18,0
DA:19,0
DA:20,0
DA:21,0
LH:1
LF:5
end_of_record
SF:/Users/tomas.zijdemans/Code/deno_std/std_cb/collections/unstable_interleave.ts
FN:42,interleave
FNDA:10,interleave
FNF:1
FNH:1
BRDA:46,1,0,1
BRDA:46,1,1,9
BRDA:50,1,2,20
BRDA:53,1,3,9
BRDA:54,1,4,9
BRDA:59,1,5,23
BRDA:60,1,6,48
BRDA:61,1,7,37
BRDA:65,1,8,9
BRF:9
BRH:9
DA:42,1
DA:43,1
DA:45,11
DA:46,11
DA:48,20
DA:49,20
DA:50,11
DA:51,31
DA:52,31
DA:53,31
DA:54,31
DA:56,20
DA:57,20
DA:59,11
DA:60,34
DA:61,82
DA:62,119
DA:63,119
DA:64,82
DA:65,34
DA:67,20
DA:68,11
LH:22
LF:22
end_of_record
SF:/Users/tomas.zijdemans/Code/deno_std/std_cb/internal/build_message.ts
FN:26,createColor
FN:63,createSign
FN:109,buildMessage
FNDA:0,createColor
FNDA:0,createSign
FNDA:0,buildMessage
FNF:3
FNH:0
BRF:0
BRH:0
DA:4,1
DA:26,0
DA:27,0
DA:32,0
DA:34,0
DA:35,0
DA:36,0
DA:37,0
DA:38,0
DA:39,0
DA:40,0
DA:41,0
DA:42,0
DA:43,0
DA:44,0
DA:63,0
DA:64,0
DA:65,0
DA:66,0
DA:67,0
DA:68,0
DA:69,0
DA:70,0
DA:71,0
DA:72,0
DA:109,0
DA:110,0
DA:111,0
DA:112,0
DA:116,0
DA:118,0
DA:119,0
DA:120,0
DA:122,0
DA:123,0
DA:124,0
DA:125,0
DA:126,0
DA:127,0
DA:128,0
DA:129,0
DA:130,0
DA:131,0
DA:132,0
DA:133,0
DA:135,0
DA:136,0
DA:137,0
DA:138,0
DA:139,0
DA:140,0
DA:141,0
DA:143,0
DA:144,0
DA:145,0
DA:146,0
DA:147,0
LH:1
LF:57
end_of_record
SF:/Users/tomas.zijdemans/Code/deno_std/std_cb/internal/diff.ts
FN:39,createCommon
FN:73,assertFp
FN:111,backTrace
FN:187,createFp
FN:245,diff
FNDA:0,createCommon
FNDA:0,assertFp
FNDA:0,backTrace
FNDA:0,createFp
FNDA:0,diff
FNF:5
FNH:0
BRF:0
BRH:0
DA:14,1
DA:15,1
DA:16,1
DA:39,0
DA:40,0
DA:41,0
DA:42,0
DA:43,0
DA:44,0
DA:45,0
DA:46,0
DA:47,0
DA:48,0
DA:49,0
DA:50,0
DA:51,0
DA:52,0
DA:73,0
DA:74,0
DA:75,0
DA:76,0
DA:77,0
DA:78,0
DA:79,0
DA:80,0
DA:81,0
DA:83,0
DA:84,0
DA:111,0
DA:112,0
DA:113,0
DA:114,0
DA:115,0
DA:116,0
DA:117,0
DA:122,0
DA:123,0
DA:124,0
DA:125,0
DA:126,0
DA:127,0
DA:128,0
DA:129,0
DA:130,0
DA:131,0
DA:132,0
DA:133,0
DA:134,0
DA:135,0
DA:136,0
DA:137,0
DA:138,0
DA:139,0
DA:140,0
DA:141,0
DA:142,0
DA:143,0
DA:144,0
DA:145,0
DA:146,0
DA:147,0
DA:148,0
DA:149,0
DA:150,0
DA:151,0
DA:152,0
DA:153,0
DA:187,0
DA:188,0
DA:189,0
DA:190,0
DA:191,0
DA:192,0
DA:193,0
DA:194,0
DA:196,0
DA:197,0
DA:198,0
DA:199,0
DA:200,0
DA:201,0
DA:202,0
DA:203,0
DA:204,0
DA:205,0
DA:206,0
DA:207,0
DA:208,0
DA:209,0
DA:210,0
DA:211,0
DA:212,0
DA:213,0
DA:214,0
DA:215,0
DA:216,0
DA:217,0
DA:245,0
DA:246,0
DA:247,0
DA:248,0
DA:249,0
DA:250,0
DA:251,0
DA:252,0
DA:253,0
DA:254,0
DA:255,0
DA:256,0
DA:257,0
DA:258,0
DA:259,0
DA:260,0
DA:261,0
DA:262,0
DA:263,0
DA:269,0
DA:270,0
DA:271,0
DA:273,0
DA:274,0
DA:275,0
DA:276,0
DA:277,0
DA:278,0
DA:280,0
DA:281,0
DA:282,0
DA:283,0
DA:284,0
DA:285,0
DA:286,0
DA:287,0
DA:288,0
DA:289,0
DA:290,0
DA:291,0
DA:292,0
DA:293,0
DA:295,0
DA:296,0
DA:297,0
DA:298,0
DA:299,0
DA:300,0
DA:301,0
DA:302,0
DA:303,0
DA:304,0
DA:305,0
DA:306,0
DA:307,0
DA:308,0
DA:309,0
DA:310,0
DA:311,0
DA:312,0
DA:313,0
DA:314,0
DA:315,0
DA:316,0
DA:317,0
LH:3
LF:162
end_of_record
SF:/Users/tomas.zijdemans/Code/deno_std/std_cb/internal/diff_str.ts
FN:24,unescape
FN:57,tokenize
FN:101,createDetails
FN:158,diffStr
FNDA:0,unescape
FNDA:0,tokenize
FNDA:0,createDetails
FNDA:0,diffStr
FNF:4
FNH:0
BRF:0
BRH:0
DA:5,1
DA:24,0
DA:25,0
DA:26,0
DA:27,0
DA:28,0
DA:29,0
DA:30,0
DA:32,0
DA:33,0
DA:34,0
DA:36,0
DA:38,1
DA:39,1
DA:57,0
DA:58,0
DA:59,0
DA:60,0
DA:61,0
DA:62,0
DA:63,0
DA:64,0
DA:66,0
DA:67,0
DA:68,0
DA:69,0
DA:70,0
DA:71,0
DA:72,0
DA:73,0
DA:74,0
DA:101,0
DA:102,0
DA:103,0
DA:105,0
DA:106,0
DA:107,0
DA:108,0
DA:109,0
DA:110,0
DA:111,0
DA:112,0
DA:113,0
DA:114,0
DA:115,0
DA:116,0
DA:117,0
DA:118,0
DA:119,0
DA:121,1
DA:158,0
DA:160,0
DA:161,0
DA:162,0
DA:165,0
DA:166,0
DA:167,0
DA:168,0
DA:169,0
DA:170,0
DA:171,0
DA:172,0
DA:173,0
DA:174,0
DA:177,0
DA:178,0
DA:179,0
DA:180,0
DA:181,0
DA:182,0
DA:184,0
DA:185,0
DA:186,0
DA:187,0
DA:188,0
DA:189,0
DA:190,0
DA:191,0
DA:192,0
DA:193,0
DA:194,0
DA:196,0
DA:197,0
DA:198,0
DA:199,0
DA:201,0
DA:202,0
DA:203,0
DA:204,0
DA:205,0
DA:207,0
DA:208,0
LH:4
LF:92
end_of_record
SF:/Users/tomas.zijdemans/Code/deno_std/std_cb/internal/format.ts
FN:36,format
FN:74,formatters
FN:78,basicInspect
FNDA:0,format
FNDA:0,formatters
FNDA:0,basicInspect
FNF:3
FNH:0
BRF:0
BRH:0
DA:36,0
DA:38,0
DA:40,0
DA:41,0
DA:43,0
DA:44,0
DA:45,0
DA:46,0
DA:47,0
DA:48,0
DA:49,0
DA:51,0
DA:52,0
DA:53,0
DA:54,0
DA:55,0
DA:57,1
DA:58,0
DA:59,0
DA:60,0
DA:62,0
DA:63,0
DA:64,0
DA:65,0
DA:66,0
DA:67,0
DA:68,0
DA:69,0
DA:70,0
DA:71,0
DA:72,0
DA:73,0
DA:74,0
DA:75,1
DA:78,0
DA:79,0
DA:80,0
DA:81,0
DA:82,0
DA:83,0
DA:84,0
DA:86,0
DA:87,0
LH:2
LF:43
end_of_record
SF:/Users/tomas.zijdemans/Code/deno_std/std_cb/internal/styles.ts
FN:22,code
FN:30,run
FN:52,bold
FN:72,red
FN:92,green
FN:112,yellow
FN:130,white
FN:148,gray
FN:166,brightBlack
FN:184,bgRed
FN:202,bgGreen
FN:229,stripAnsiCode
FNDA:0,code
FNDA:0,run
FNDA:0,bold
FNDA:0,red
FNDA:0,green
FNDA:0,yellow
FNDA:0,white
FNDA:0,gray
FNDA:0,brightBlack
FNDA:0,bgRed
FNDA:0,bgGreen
FNDA:0,stripAnsiCode
FNF:12
FNH:0
BRDA:11,0,0,0
BRF:1
BRH:0
DA:9,1
DA:10,0
DA:11,0
DA:12,0
DA:20,1
DA:22,0
DA:23,0
DA:24,0
DA:25,0
DA:26,0
DA:27,0
DA:28,0
DA:30,0
DA:31,0
DA:32,0
DA:33,0
DA:34,0
DA:52,0
DA:53,0
DA:54,0
DA:72,0
DA:73,0
DA:74,0
DA:92,0
DA:93,0
DA:94,0
DA:112,0
DA:113,0
DA:114,0
DA:130,0
DA:131,0
DA:132,0
DA:148,0
DA:149,0
DA:150,0
DA:166,0
DA:167,0
DA:168,0
DA:184,0
DA:185,0
DA:186,0
DA:202,0
DA:203,0
DA:204,0
DA:207,1
DA:208,1
DA:209,1
DA:210,1
DA:211,1
DA:212,1
DA:229,0
DA:230,0
DA:231,0
LH:8
LF:53
end_of_record
